2013/05/09 00:55:48 [error] [exception.CHttpException.404] exception 'CHttpException' with message 'Unable to resolve the request "contact".' in /Users/mdellagnese/Google Drive/Desenvolvimento/yii-framework/web/CWebApplication.php:286
Stack trace:
#0 /Users/mdellagnese/Google Drive/Desenvolvimento/yii-framework/web/CWebApplication.php(141): CWebApplication->runController('contact')
#1 /Users/mdellagnese/Google Drive/Desenvolvimento/yii-framework/base/CApplication.php(169): CWebApplication->processRequest()
#2 /Users/mdellagnese/Google Drive/Desenvolvimento/citae.vc/index.php(13): CApplication->run()
#3 {main}
REQUEST_URI=/citae.vc/contact
---
2013/05/09 23:45:04 [error] [exception.Exception] exception 'Exception' with message 'Property "SiteController.basePath" is not defined.' in /Users/mdellagnese/Google Drive/Desenvolvimento/citae.vc/protected/components/Controller.php:36
Stack trace:
#0 /Users/mdellagnese/Google Drive/Desenvolvimento/citae.vc/protected/components/Controller.php(24): Controller->_loadDefaultScripts()
#1 /Users/mdellagnese/Google Drive/Desenvolvimento/yii-framework/web/CController.php(780): Controller->beforeRender('index')
#2 /Users/mdellagnese/Google Drive/Desenvolvimento/citae.vc/protected/controllers/SiteController.php(32): CController->render('index')
#3 /Users/mdellagnese/Google Drive/Desenvolvimento/yii-framework/web/actions/CInlineAction.php(49): SiteController->actionIndex()
#4 /Users/mdellagnese/Google Drive/Desenvolvimento/yii-framework/web/CController.php(308): CInlineAction->runWithParams(Array)
#5 /Users/mdellagnese/Google Drive/Desenvolvimento/yii-framework/web/CController.php(286): CController->runAction(Object(CInlineAction))
#6 /Users/mdellagnese/Google Drive/Desenvolvimento/yii-framework/web/CController.php(265): CController->runActionWithFilters(Object(CInlineAction), Array)
#7 /Users/mdellagnese/Google Drive/Desenvolvimento/yii-framework/web/CWebApplication.php(282): CController->run('')
#8 /Users/mdellagnese/Google Drive/Desenvolvimento/yii-framework/web/CWebApplication.php(141): CWebApplication->runController('')
#9 /Users/mdellagnese/Google Drive/Desenvolvimento/yii-framework/base/CApplication.php(169): CWebApplication->processRequest()
#10 /Users/mdellagnese/Google Drive/Desenvolvimento/citae.vc/index.php(13): CApplication->run()
#11 {main}
REQUEST_URI=/citae.vc/
---
2013/05/09 23:45:45 [error] [exception.Exception] exception 'Exception' with message 'The asset "/Users/mdellagnese/Google Drive/Desenvolvimento/citae.vc/protected/assets" to be published does not exist.' in /Users/mdellagnese/Google Drive/Desenvolvimento/citae.vc/protected/components/Controller.php:36
Stack trace:
#0 /Users/mdellagnese/Google Drive/Desenvolvimento/citae.vc/protected/components/Controller.php(24): Controller->_loadDefaultScripts()
#1 /Users/mdellagnese/Google Drive/Desenvolvimento/yii-framework/web/CController.php(780): Controller->beforeRender('index')
#2 /Users/mdellagnese/Google Drive/Desenvolvimento/citae.vc/protected/controllers/SiteController.php(32): CController->render('index')
#3 /Users/mdellagnese/Google Drive/Desenvolvimento/yii-framework/web/actions/CInlineAction.php(49): SiteController->actionIndex()
#4 /Users/mdellagnese/Google Drive/Desenvolvimento/yii-framework/web/CController.php(308): CInlineAction->runWithParams(Array)
#5 /Users/mdellagnese/Google Drive/Desenvolvimento/yii-framework/web/CController.php(286): CController->runAction(Object(CInlineAction))
#6 /Users/mdellagnese/Google Drive/Desenvolvimento/yii-framework/web/CController.php(265): CController->runActionWithFilters(Object(CInlineAction), Array)
#7 /Users/mdellagnese/Google Drive/Desenvolvimento/yii-framework/web/CWebApplication.php(282): CController->run('')
#8 /Users/mdellagnese/Google Drive/Desenvolvimento/yii-framework/web/CWebApplication.php(141): CWebApplication->runController('')
#9 /Users/mdellagnese/Google Drive/Desenvolvimento/yii-framework/base/CApplication.php(169): CWebApplication->processRequest()
#10 /Users/mdellagnese/Google Drive/Desenvolvimento/citae.vc/index.php(13): CApplication->run()
#11 {main}
REQUEST_URI=/citae.vc/
---
2013/05/09 23:46:05 [error] [exception.Exception] exception 'Exception' with message 'The asset "/citae.vc/assets" to be published does not exist.' in /Users/mdellagnese/Google Drive/Desenvolvimento/citae.vc/protected/components/Controller.php:36
Stack trace:
#0 /Users/mdellagnese/Google Drive/Desenvolvimento/citae.vc/protected/components/Controller.php(24): Controller->_loadDefaultScripts()
#1 /Users/mdellagnese/Google Drive/Desenvolvimento/yii-framework/web/CController.php(780): Controller->beforeRender('index')
#2 /Users/mdellagnese/Google Drive/Desenvolvimento/citae.vc/protected/controllers/SiteController.php(32): CController->render('index')
#3 /Users/mdellagnese/Google Drive/Desenvolvimento/yii-framework/web/actions/CInlineAction.php(49): SiteController->actionIndex()
#4 /Users/mdellagnese/Google Drive/Desenvolvimento/yii-framework/web/CController.php(308): CInlineAction->runWithParams(Array)
#5 /Users/mdellagnese/Google Drive/Desenvolvimento/yii-framework/web/CController.php(286): CController->runAction(Object(CInlineAction))
#6 /Users/mdellagnese/Google Drive/Desenvolvimento/yii-framework/web/CController.php(265): CController->runActionWithFilters(Object(CInlineAction), Array)
#7 /Users/mdellagnese/Google Drive/Desenvolvimento/yii-framework/web/CWebApplication.php(282): CController->run('')
#8 /Users/mdellagnese/Google Drive/Desenvolvimento/yii-framework/web/CWebApplication.php(141): CWebApplication->runController('')
#9 /Users/mdellagnese/Google Drive/Desenvolvimento/yii-framework/base/CApplication.php(169): CWebApplication->processRequest()
#10 /Users/mdellagnese/Google Drive/Desenvolvimento/citae.vc/index.php(13): CApplication->run()
#11 {main}
REQUEST_URI=/citae.vc/
---
2013/05/09 23:48:29 [error] [exception.Exception] exception 'Exception' with message 'The asset "/citae.vc/assets" to be published does not exist.' in /Users/mdellagnese/Google Drive/Desenvolvimento/citae.vc/protected/components/Controller.php:36
Stack trace:
#0 /Users/mdellagnese/Google Drive/Desenvolvimento/citae.vc/protected/components/Controller.php(24): Controller->_loadDefaultScripts()
#1 /Users/mdellagnese/Google Drive/Desenvolvimento/yii-framework/web/CController.php(780): Controller->beforeRender('index')
#2 /Users/mdellagnese/Google Drive/Desenvolvimento/citae.vc/protected/controllers/SiteController.php(32): CController->render('index')
#3 /Users/mdellagnese/Google Drive/Desenvolvimento/yii-framework/web/actions/CInlineAction.php(49): SiteController->actionIndex()
#4 /Users/mdellagnese/Google Drive/Desenvolvimento/yii-framework/web/CController.php(308): CInlineAction->runWithParams(Array)
#5 /Users/mdellagnese/Google Drive/Desenvolvimento/yii-framework/web/CController.php(286): CController->runAction(Object(CInlineAction))
#6 /Users/mdellagnese/Google Drive/Desenvolvimento/yii-framework/web/CController.php(265): CController->runActionWithFilters(Object(CInlineAction), Array)
#7 /Users/mdellagnese/Google Drive/Desenvolvimento/yii-framework/web/CWebApplication.php(282): CController->run('')
#8 /Users/mdellagnese/Google Drive/Desenvolvimento/yii-framework/web/CWebApplication.php(141): CWebApplication->runController('')
#9 /Users/mdellagnese/Google Drive/Desenvolvimento/yii-framework/base/CApplication.php(169): CWebApplication->processRequest()
#10 /Users/mdellagnese/Google Drive/Desenvolvimento/citae.vc/index.php(13): CApplication->run()
#11 {main}
REQUEST_URI=/citae.vc/
---
2013/05/09 23:49:36 [error] [exception.CException] exception 'CException' with message 'The asset "/citae.vc/assets" to be published does not exist.' in /Users/mdellagnese/Google Drive/Desenvolvimento/yii-framework/web/CAssetManager.php:257
Stack trace:
#0 /Users/mdellagnese/Google Drive/Desenvolvimento/citae.vc/protected/components/Controller.php(15): CAssetManager->publish('/citae.vc/asset...', false, -1, true)
#1 /Users/mdellagnese/Google Drive/Desenvolvimento/citae.vc/protected/components/Controller.php(29): Controller->getAssetsUrl()
#2 /Users/mdellagnese/Google Drive/Desenvolvimento/citae.vc/protected/components/Controller.php(24): Controller->_loadDefaultScripts()
#3 /Users/mdellagnese/Google Drive/Desenvolvimento/yii-framework/web/CController.php(780): Controller->beforeRender('index')
#4 /Users/mdellagnese/Google Drive/Desenvolvimento/citae.vc/protected/controllers/SiteController.php(32): CController->render('index')
#5 /Users/mdellagnese/Google Drive/Desenvolvimento/yii-framework/web/actions/CInlineAction.php(49): SiteController->actionIndex()
#6 /Users/mdellagnese/Google Drive/Desenvolvimento/yii-framework/web/CController.php(308): CInlineAction->runWithParams(Array)
#7 /Users/mdellagnese/Google Drive/Desenvolvimento/yii-framework/web/CController.php(286): CController->runAction(Object(CInlineAction))
#8 /Users/mdellagnese/Google Drive/Desenvolvimento/yii-framework/web/CController.php(265): CController->runActionWithFilters(Object(CInlineAction), Array)
#9 /Users/mdellagnese/Google Drive/Desenvolvimento/yii-framework/web/CWebApplication.php(282): CController->run('')
#10 /Users/mdellagnese/Google Drive/Desenvolvimento/yii-framework/web/CWebApplication.php(141): CWebApplication->runController('')
#11 /Users/mdellagnese/Google Drive/Desenvolvimento/yii-framework/base/CApplication.php(169): CWebApplication->processRequest()
#12 /Users/mdellagnese/Google Drive/Desenvolvimento/citae.vc/index.php(13): CApplication->run()
#13 {main}
REQUEST_URI=/citae.vc/
---
2013/05/09 23:49:58 [error] [exception.CException] exception 'CException' with message 'The asset "/citae.vc/assets" to be published does not exist.' in /Users/mdellagnese/Google Drive/Desenvolvimento/yii-framework/web/CAssetManager.php:257
Stack trace:
#0 /Users/mdellagnese/Google Drive/Desenvolvimento/citae.vc/protected/components/Controller.php(15): CAssetManager->publish('/citae.vc/asset...', false, -1, true)
#1 /Users/mdellagnese/Google Drive/Desenvolvimento/citae.vc/protected/components/Controller.php(29): Controller->getAssetsUrl()
#2 /Users/mdellagnese/Google Drive/Desenvolvimento/citae.vc/protected/components/Controller.php(24): Controller->_loadDefaultScripts()
#3 /Users/mdellagnese/Google Drive/Desenvolvimento/yii-framework/web/CController.php(780): Controller->beforeRender('index')
#4 /Users/mdellagnese/Google Drive/Desenvolvimento/citae.vc/protected/controllers/SiteController.php(32): CController->render('index')
#5 /Users/mdellagnese/Google Drive/Desenvolvimento/yii-framework/web/actions/CInlineAction.php(49): SiteController->actionIndex()
#6 /Users/mdellagnese/Google Drive/Desenvolvimento/yii-framework/web/CController.php(308): CInlineAction->runWithParams(Array)
#7 /Users/mdellagnese/Google Drive/Desenvolvimento/yii-framework/web/CController.php(286): CController->runAction(Object(CInlineAction))
#8 /Users/mdellagnese/Google Drive/Desenvolvimento/yii-framework/web/CController.php(265): CController->runActionWithFilters(Object(CInlineAction), Array)
#9 /Users/mdellagnese/Google Drive/Desenvolvimento/yii-framework/web/CWebApplication.php(282): CController->run('')
#10 /Users/mdellagnese/Google Drive/Desenvolvimento/yii-framework/web/CWebApplication.php(141): CWebApplication->runController('')
#11 /Users/mdellagnese/Google Drive/Desenvolvimento/yii-framework/base/CApplication.php(169): CWebApplication->processRequest()
#12 /Users/mdellagnese/Google Drive/Desenvolvimento/citae.vc/index.php(13): CApplication->run()
#13 {main}
REQUEST_URI=/citae.vc/
---
2013/05/09 23:50:00 [error] [exception.CException] exception 'CException' with message 'The asset "/citae.vc/assets" to be published does not exist.' in /Users/mdellagnese/Google Drive/Desenvolvimento/yii-framework/web/CAssetManager.php:257
Stack trace:
#0 /Users/mdellagnese/Google Drive/Desenvolvimento/citae.vc/protected/components/Controller.php(15): CAssetManager->publish('/citae.vc/asset...', false, -1, true)
#1 /Users/mdellagnese/Google Drive/Desenvolvimento/citae.vc/protected/components/Controller.php(29): Controller->getAssetsUrl()
#2 /Users/mdellagnese/Google Drive/Desenvolvimento/citae.vc/protected/components/Controller.php(24): Controller->_loadDefaultScripts()
#3 /Users/mdellagnese/Google Drive/Desenvolvimento/yii-framework/web/CController.php(780): Controller->beforeRender('index')
#4 /Users/mdellagnese/Google Drive/Desenvolvimento/citae.vc/protected/controllers/SiteController.php(32): CController->render('index')
#5 /Users/mdellagnese/Google Drive/Desenvolvimento/yii-framework/web/actions/CInlineAction.php(49): SiteController->actionIndex()
#6 /Users/mdellagnese/Google Drive/Desenvolvimento/yii-framework/web/CController.php(308): CInlineAction->runWithParams(Array)
#7 /Users/mdellagnese/Google Drive/Desenvolvimento/yii-framework/web/CController.php(286): CController->runAction(Object(CInlineAction))
#8 /Users/mdellagnese/Google Drive/Desenvolvimento/yii-framework/web/CController.php(265): CController->runActionWithFilters(Object(CInlineAction), Array)
#9 /Users/mdellagnese/Google Drive/Desenvolvimento/yii-framework/web/CWebApplication.php(282): CController->run('')
#10 /Users/mdellagnese/Google Drive/Desenvolvimento/yii-framework/web/CWebApplication.php(141): CWebApplication->runController('')
#11 /Users/mdellagnese/Google Drive/Desenvolvimento/yii-framework/base/CApplication.php(169): CWebApplication->processRequest()
#12 /Users/mdellagnese/Google Drive/Desenvolvimento/citae.vc/index.php(13): CApplication->run()
#13 {main}
REQUEST_URI=/citae.vc/
---
2013/05/09 23:50:00 [error] [exception.CException] exception 'CException' with message 'The asset "/citae.vc/assets" to be published does not exist.' in /Users/mdellagnese/Google Drive/Desenvolvimento/yii-framework/web/CAssetManager.php:257
Stack trace:
#0 /Users/mdellagnese/Google Drive/Desenvolvimento/citae.vc/protected/components/Controller.php(15): CAssetManager->publish('/citae.vc/asset...', false, -1, true)
#1 /Users/mdellagnese/Google Drive/Desenvolvimento/citae.vc/protected/components/Controller.php(29): Controller->getAssetsUrl()
#2 /Users/mdellagnese/Google Drive/Desenvolvimento/citae.vc/protected/components/Controller.php(24): Controller->_loadDefaultScripts()
#3 /Users/mdellagnese/Google Drive/Desenvolvimento/yii-framework/web/CController.php(780): Controller->beforeRender('index')
#4 /Users/mdellagnese/Google Drive/Desenvolvimento/citae.vc/protected/controllers/SiteController.php(32): CController->render('index')
#5 /Users/mdellagnese/Google Drive/Desenvolvimento/yii-framework/web/actions/CInlineAction.php(49): SiteController->actionIndex()
#6 /Users/mdellagnese/Google Drive/Desenvolvimento/yii-framework/web/CController.php(308): CInlineAction->runWithParams(Array)
#7 /Users/mdellagnese/Google Drive/Desenvolvimento/yii-framework/web/CController.php(286): CController->runAction(Object(CInlineAction))
#8 /Users/mdellagnese/Google Drive/Desenvolvimento/yii-framework/web/CController.php(265): CController->runActionWithFilters(Object(CInlineAction), Array)
#9 /Users/mdellagnese/Google Drive/Desenvolvimento/yii-framework/web/CWebApplication.php(282): CController->run('')
#10 /Users/mdellagnese/Google Drive/Desenvolvimento/yii-framework/web/CWebApplication.php(141): CWebApplication->runController('')
#11 /Users/mdellagnese/Google Drive/Desenvolvimento/yii-framework/base/CApplication.php(169): CWebApplication->processRequest()
#12 /Users/mdellagnese/Google Drive/Desenvolvimento/citae.vc/index.php(13): CApplication->run()
#13 {main}
REQUEST_URI=/citae.vc/
---
2013/05/09 23:50:00 [error] [exception.CException] exception 'CException' with message 'The asset "/citae.vc/assets" to be published does not exist.' in /Users/mdellagnese/Google Drive/Desenvolvimento/yii-framework/web/CAssetManager.php:257
Stack trace:
#0 /Users/mdellagnese/Google Drive/Desenvolvimento/citae.vc/protected/components/Controller.php(15): CAssetManager->publish('/citae.vc/asset...', false, -1, true)
#1 /Users/mdellagnese/Google Drive/Desenvolvimento/citae.vc/protected/components/Controller.php(29): Controller->getAssetsUrl()
#2 /Users/mdellagnese/Google Drive/Desenvolvimento/citae.vc/protected/components/Controller.php(24): Controller->_loadDefaultScripts()
#3 /Users/mdellagnese/Google Drive/Desenvolvimento/yii-framework/web/CController.php(780): Controller->beforeRender('index')
#4 /Users/mdellagnese/Google Drive/Desenvolvimento/citae.vc/protected/controllers/SiteController.php(32): CController->render('index')
#5 /Users/mdellagnese/Google Drive/Desenvolvimento/yii-framework/web/actions/CInlineAction.php(49): SiteController->actionIndex()
#6 /Users/mdellagnese/Google Drive/Desenvolvimento/yii-framework/web/CController.php(308): CInlineAction->runWithParams(Array)
#7 /Users/mdellagnese/Google Drive/Desenvolvimento/yii-framework/web/CController.php(286): CController->runAction(Object(CInlineAction))
#8 /Users/mdellagnese/Google Drive/Desenvolvimento/yii-framework/web/CController.php(265): CController->runActionWithFilters(Object(CInlineAction), Array)
#9 /Users/mdellagnese/Google Drive/Desenvolvimento/yii-framework/web/CWebApplication.php(282): CController->run('')
#10 /Users/mdellagnese/Google Drive/Desenvolvimento/yii-framework/web/CWebApplication.php(141): CWebApplication->runController('')
#11 /Users/mdellagnese/Google Drive/Desenvolvimento/yii-framework/base/CApplication.php(169): CWebApplication->processRequest()
#12 /Users/mdellagnese/Google Drive/Desenvolvimento/citae.vc/index.php(13): CApplication->run()
#13 {main}
REQUEST_URI=/citae.vc/
---
2013/05/09 23:50:00 [error] [exception.CException] exception 'CException' with message 'The asset "/citae.vc/assets" to be published does not exist.' in /Users/mdellagnese/Google Drive/Desenvolvimento/yii-framework/web/CAssetManager.php:257
Stack trace:
#0 /Users/mdellagnese/Google Drive/Desenvolvimento/citae.vc/protected/components/Controller.php(15): CAssetManager->publish('/citae.vc/asset...', false, -1, true)
#1 /Users/mdellagnese/Google Drive/Desenvolvimento/citae.vc/protected/components/Controller.php(29): Controller->getAssetsUrl()
#2 /Users/mdellagnese/Google Drive/Desenvolvimento/citae.vc/protected/components/Controller.php(24): Controller->_loadDefaultScripts()
#3 /Users/mdellagnese/Google Drive/Desenvolvimento/yii-framework/web/CController.php(780): Controller->beforeRender('index')
#4 /Users/mdellagnese/Google Drive/Desenvolvimento/citae.vc/protected/controllers/SiteController.php(32): CController->render('index')
#5 /Users/mdellagnese/Google Drive/Desenvolvimento/yii-framework/web/actions/CInlineAction.php(49): SiteController->actionIndex()
#6 /Users/mdellagnese/Google Drive/Desenvolvimento/yii-framework/web/CController.php(308): CInlineAction->runWithParams(Array)
#7 /Users/mdellagnese/Google Drive/Desenvolvimento/yii-framework/web/CController.php(286): CController->runAction(Object(CInlineAction))
#8 /Users/mdellagnese/Google Drive/Desenvolvimento/yii-framework/web/CController.php(265): CController->runActionWithFilters(Object(CInlineAction), Array)
#9 /Users/mdellagnese/Google Drive/Desenvolvimento/yii-framework/web/CWebApplication.php(282): CController->run('')
#10 /Users/mdellagnese/Google Drive/Desenvolvimento/yii-framework/web/CWebApplication.php(141): CWebApplication->runController('')
#11 /Users/mdellagnese/Google Drive/Desenvolvimento/yii-framework/base/CApplication.php(169): CWebApplication->processRequest()
#12 /Users/mdellagnese/Google Drive/Desenvolvimento/citae.vc/index.php(13): CApplication->run()
#13 {main}
REQUEST_URI=/citae.vc/
---
2013/05/09 23:50:21 [error] [exception.CException] exception 'CException' with message 'The asset "/citae.vc/assets" to be published does not exist.' in /Users/mdellagnese/Google Drive/Desenvolvimento/yii-framework/web/CAssetManager.php:257
Stack trace:
#0 /Users/mdellagnese/Google Drive/Desenvolvimento/citae.vc/protected/components/Controller.php(15): CAssetManager->publish('/citae.vc/asset...', false, -1, true)
#1 /Users/mdellagnese/Google Drive/Desenvolvimento/citae.vc/protected/components/Controller.php(29): Controller->getAssetsUrl()
#2 /Users/mdellagnese/Google Drive/Desenvolvimento/citae.vc/protected/components/Controller.php(24): Controller->_loadDefaultScripts()
#3 /Users/mdellagnese/Google Drive/Desenvolvimento/yii-framework/web/CController.php(780): Controller->beforeRender('index')
#4 /Users/mdellagnese/Google Drive/Desenvolvimento/citae.vc/protected/controllers/SiteController.php(32): CController->render('index')
#5 /Users/mdellagnese/Google Drive/Desenvolvimento/yii-framework/web/actions/CInlineAction.php(49): SiteController->actionIndex()
#6 /Users/mdellagnese/Google Drive/Desenvolvimento/yii-framework/web/CController.php(308): CInlineAction->runWithParams(Array)
#7 /Users/mdellagnese/Google Drive/Desenvolvimento/yii-framework/web/CController.php(286): CController->runAction(Object(CInlineAction))
#8 /Users/mdellagnese/Google Drive/Desenvolvimento/yii-framework/web/CController.php(265): CController->runActionWithFilters(Object(CInlineAction), Array)
#9 /Users/mdellagnese/Google Drive/Desenvolvimento/yii-framework/web/CWebApplication.php(282): CController->run('')
#10 /Users/mdellagnese/Google Drive/Desenvolvimento/yii-framework/web/CWebApplication.php(141): CWebApplication->runController('')
#11 /Users/mdellagnese/Google Drive/Desenvolvimento/yii-framework/base/CApplication.php(169): CWebApplication->processRequest()
#12 /Users/mdellagnese/Google Drive/Desenvolvimento/citae.vc/index.php(13): CApplication->run()
#13 {main}
REQUEST_URI=/citae.vc/
---
2013/05/09 23:50:21 [error] [exception.CException] exception 'CException' with message 'The asset "/citae.vc/assets" to be published does not exist.' in /Users/mdellagnese/Google Drive/Desenvolvimento/yii-framework/web/CAssetManager.php:257
Stack trace:
#0 /Users/mdellagnese/Google Drive/Desenvolvimento/citae.vc/protected/components/Controller.php(15): CAssetManager->publish('/citae.vc/asset...', false, -1, true)
#1 /Users/mdellagnese/Google Drive/Desenvolvimento/citae.vc/protected/components/Controller.php(29): Controller->getAssetsUrl()
#2 /Users/mdellagnese/Google Drive/Desenvolvimento/citae.vc/protected/components/Controller.php(24): Controller->_loadDefaultScripts()
#3 /Users/mdellagnese/Google Drive/Desenvolvimento/yii-framework/web/CController.php(780): Controller->beforeRender('index')
#4 /Users/mdellagnese/Google Drive/Desenvolvimento/citae.vc/protected/controllers/SiteController.php(32): CController->render('index')
#5 /Users/mdellagnese/Google Drive/Desenvolvimento/yii-framework/web/actions/CInlineAction.php(49): SiteController->actionIndex()
#6 /Users/mdellagnese/Google Drive/Desenvolvimento/yii-framework/web/CController.php(308): CInlineAction->runWithParams(Array)
#7 /Users/mdellagnese/Google Drive/Desenvolvimento/yii-framework/web/CController.php(286): CController->runAction(Object(CInlineAction))
#8 /Users/mdellagnese/Google Drive/Desenvolvimento/yii-framework/web/CController.php(265): CController->runActionWithFilters(Object(CInlineAction), Array)
#9 /Users/mdellagnese/Google Drive/Desenvolvimento/yii-framework/web/CWebApplication.php(282): CController->run('')
#10 /Users/mdellagnese/Google Drive/Desenvolvimento/yii-framework/web/CWebApplication.php(141): CWebApplication->runController('')
#11 /Users/mdellagnese/Google Drive/Desenvolvimento/yii-framework/base/CApplication.php(169): CWebApplication->processRequest()
#12 /Users/mdellagnese/Google Drive/Desenvolvimento/citae.vc/index.php(13): CApplication->run()
#13 {main}
REQUEST_URI=/citae.vc/
---
2013/05/09 23:53:38 [error] [exception.CException] exception 'CException' with message 'The asset "/citae.vc/assets" to be published does not exist.' in /Users/mdellagnese/Google Drive/Desenvolvimento/yii-framework/web/CAssetManager.php:257
Stack trace:
#0 /Users/mdellagnese/Google Drive/Desenvolvimento/citae.vc/protected/components/Controller.php(15): CAssetManager->publish('/citae.vc/asset...', false, -1, true)
#1 /Users/mdellagnese/Google Drive/Desenvolvimento/citae.vc/protected/components/Controller.php(29): Controller->getAssetsUrl()
#2 /Users/mdellagnese/Google Drive/Desenvolvimento/citae.vc/protected/components/Controller.php(24): Controller->_loadDefaultScripts()
#3 /Users/mdellagnese/Google Drive/Desenvolvimento/yii-framework/web/CController.php(780): Controller->beforeRender('index')
#4 /Users/mdellagnese/Google Drive/Desenvolvimento/citae.vc/protected/controllers/SiteController.php(32): CController->render('index')
#5 /Users/mdellagnese/Google Drive/Desenvolvimento/yii-framework/web/actions/CInlineAction.php(49): SiteController->actionIndex()
#6 /Users/mdellagnese/Google Drive/Desenvolvimento/yii-framework/web/CController.php(308): CInlineAction->runWithParams(Array)
#7 /Users/mdellagnese/Google Drive/Desenvolvimento/yii-framework/web/CController.php(286): CController->runAction(Object(CInlineAction))
#8 /Users/mdellagnese/Google Drive/Desenvolvimento/yii-framework/web/CController.php(265): CController->runActionWithFilters(Object(CInlineAction), Array)
#9 /Users/mdellagnese/Google Drive/Desenvolvimento/yii-framework/web/CWebApplication.php(282): CController->run('')
#10 /Users/mdellagnese/Google Drive/Desenvolvimento/yii-framework/web/CWebApplication.php(141): CWebApplication->runController('')
#11 /Users/mdellagnese/Google Drive/Desenvolvimento/yii-framework/base/CApplication.php(169): CWebApplication->processRequest()
#12 /Users/mdellagnese/Google Drive/Desenvolvimento/citae.vc/index.php(13): CApplication->run()
#13 {main}
REQUEST_URI=/citae.vc/
---
2013/05/09 23:54:39 [error] [exception.Exception] exception 'Exception' with message 'The asset "/citae.vc/assets" to be published does not exist.' in /Users/mdellagnese/Google Drive/Desenvolvimento/citae.vc/protected/components/Controller.php:36
Stack trace:
#0 /Users/mdellagnese/Google Drive/Desenvolvimento/citae.vc/protected/components/Controller.php(24): Controller->_loadDefaultScripts()
#1 /Users/mdellagnese/Google Drive/Desenvolvimento/yii-framework/web/CController.php(780): Controller->beforeRender('index')
#2 /Users/mdellagnese/Google Drive/Desenvolvimento/citae.vc/protected/controllers/SiteController.php(32): CController->render('index')
#3 /Users/mdellagnese/Google Drive/Desenvolvimento/yii-framework/web/actions/CInlineAction.php(49): SiteController->actionIndex()
#4 /Users/mdellagnese/Google Drive/Desenvolvimento/yii-framework/web/CController.php(308): CInlineAction->runWithParams(Array)
#5 /Users/mdellagnese/Google Drive/Desenvolvimento/yii-framework/web/CController.php(286): CController->runAction(Object(CInlineAction))
#6 /Users/mdellagnese/Google Drive/Desenvolvimento/yii-framework/web/CController.php(265): CController->runActionWithFilters(Object(CInlineAction), Array)
#7 /Users/mdellagnese/Google Drive/Desenvolvimento/yii-framework/web/CWebApplication.php(282): CController->run('')
#8 /Users/mdellagnese/Google Drive/Desenvolvimento/yii-framework/web/CWebApplication.php(141): CWebApplication->runController('')
#9 /Users/mdellagnese/Google Drive/Desenvolvimento/yii-framework/base/CApplication.php(169): CWebApplication->processRequest()
#10 /Users/mdellagnese/Google Drive/Desenvolvimento/citae.vc/index.php(13): CApplication->run()
#11 {main}
REQUEST_URI=/citae.vc/
---
2013/05/09 23:55:00 [error] [exception.CException] exception 'CException' with message 'The asset "/citae.vc/assets" to be published does not exist.' in /Users/mdellagnese/Google Drive/Desenvolvimento/yii-framework/web/CAssetManager.php:257
Stack trace:
#0 /Users/mdellagnese/Google Drive/Desenvolvimento/citae.vc/protected/components/Controller.php(15): CAssetManager->publish('/citae.vc/asset...', false, -1, true)
#1 /Users/mdellagnese/Google Drive/Desenvolvimento/citae.vc/protected/components/Controller.php(29): Controller->getAssetsUrl()
#2 /Users/mdellagnese/Google Drive/Desenvolvimento/citae.vc/protected/components/Controller.php(24): Controller->_loadDefaultScripts()
#3 /Users/mdellagnese/Google Drive/Desenvolvimento/yii-framework/web/CController.php(780): Controller->beforeRender('index')
#4 /Users/mdellagnese/Google Drive/Desenvolvimento/citae.vc/protected/controllers/SiteController.php(32): CController->render('index')
#5 /Users/mdellagnese/Google Drive/Desenvolvimento/yii-framework/web/actions/CInlineAction.php(49): SiteController->actionIndex()
#6 /Users/mdellagnese/Google Drive/Desenvolvimento/yii-framework/web/CController.php(308): CInlineAction->runWithParams(Array)
#7 /Users/mdellagnese/Google Drive/Desenvolvimento/yii-framework/web/CController.php(286): CController->runAction(Object(CInlineAction))
#8 /Users/mdellagnese/Google Drive/Desenvolvimento/yii-framework/web/CController.php(265): CController->runActionWithFilters(Object(CInlineAction), Array)
#9 /Users/mdellagnese/Google Drive/Desenvolvimento/yii-framework/web/CWebApplication.php(282): CController->run('')
#10 /Users/mdellagnese/Google Drive/Desenvolvimento/yii-framework/web/CWebApplication.php(141): CWebApplication->runController('')
#11 /Users/mdellagnese/Google Drive/Desenvolvimento/yii-framework/base/CApplication.php(169): CWebApplication->processRequest()
#12 /Users/mdellagnese/Google Drive/Desenvolvimento/citae.vc/index.php(13): CApplication->run()
#13 {main}
REQUEST_URI=/citae.vc/
---
2013/05/10 00:01:03 [error] [exception.Exception] exception 'Exception' with message 'SiteController and its behaviors do not have a method or closure named "getAssetsUrl".' in /Users/mdellagnese/Google Drive/Desenvolvimento/citae.vc/protected/components/Controller.php:23
Stack trace:
#0 /Users/mdellagnese/Google Drive/Desenvolvimento/citae.vc/protected/components/Controller.php(10): Controller->_loadDefaultScripts()
#1 /Users/mdellagnese/Google Drive/Desenvolvimento/yii-framework/web/CController.php(780): Controller->beforeRender('index')
#2 /Users/mdellagnese/Google Drive/Desenvolvimento/citae.vc/protected/controllers/SiteController.php(32): CController->render('index')
#3 /Users/mdellagnese/Google Drive/Desenvolvimento/yii-framework/web/actions/CInlineAction.php(49): SiteController->actionIndex()
#4 /Users/mdellagnese/Google Drive/Desenvolvimento/yii-framework/web/CController.php(308): CInlineAction->runWithParams(Array)
#5 /Users/mdellagnese/Google Drive/Desenvolvimento/yii-framework/web/CController.php(286): CController->runAction(Object(CInlineAction))
#6 /Users/mdellagnese/Google Drive/Desenvolvimento/yii-framework/web/CController.php(265): CController->runActionWithFilters(Object(CInlineAction), Array)
#7 /Users/mdellagnese/Google Drive/Desenvolvimento/yii-framework/web/CWebApplication.php(282): CController->run('')
#8 /Users/mdellagnese/Google Drive/Desenvolvimento/yii-framework/web/CWebApplication.php(141): CWebApplication->runController('')
#9 /Users/mdellagnese/Google Drive/Desenvolvimento/yii-framework/base/CApplication.php(169): CWebApplication->processRequest()
#10 /Users/mdellagnese/Google Drive/Desenvolvimento/citae.vc/index.php(13): CApplication->run()
#11 {main}
REQUEST_URI=/citae.vc/
---
2013/05/10 00:01:17 [error] [exception.Exception] exception 'Exception' with message 'SiteController and its behaviors do not have a method or closure named "getAssetsUrl".' in /Users/mdellagnese/Google Drive/Desenvolvimento/citae.vc/protected/components/Controller.php:23
Stack trace:
#0 /Users/mdellagnese/Google Drive/Desenvolvimento/citae.vc/protected/components/Controller.php(10): Controller->_loadDefaultScripts()
#1 /Users/mdellagnese/Google Drive/Desenvolvimento/yii-framework/web/CController.php(780): Controller->beforeRender('index')
#2 /Users/mdellagnese/Google Drive/Desenvolvimento/citae.vc/protected/controllers/SiteController.php(32): CController->render('index')
#3 /Users/mdellagnese/Google Drive/Desenvolvimento/yii-framework/web/actions/CInlineAction.php(49): SiteController->actionIndex()
#4 /Users/mdellagnese/Google Drive/Desenvolvimento/yii-framework/web/CController.php(308): CInlineAction->runWithParams(Array)
#5 /Users/mdellagnese/Google Drive/Desenvolvimento/yii-framework/web/CController.php(286): CController->runAction(Object(CInlineAction))
#6 /Users/mdellagnese/Google Drive/Desenvolvimento/yii-framework/web/CController.php(265): CController->runActionWithFilters(Object(CInlineAction), Array)
#7 /Users/mdellagnese/Google Drive/Desenvolvimento/yii-framework/web/CWebApplication.php(282): CController->run('')
#8 /Users/mdellagnese/Google Drive/Desenvolvimento/yii-framework/web/CWebApplication.php(141): CWebApplication->runController('')
#9 /Users/mdellagnese/Google Drive/Desenvolvimento/yii-framework/base/CApplication.php(169): CWebApplication->processRequest()
#10 /Users/mdellagnese/Google Drive/Desenvolvimento/citae.vc/index.php(13): CApplication->run()
#11 {main}
REQUEST_URI=/citae.vc/
---
2013/05/10 00:09:54 [error] [exception.Exception] exception 'Exception' with message 'CAssetManager.basePath "/Users/mdellagnese/Google Drive/Desenvolvimento/citae.vc/assets" is invalid. Please make sure the directory exists and is writable by the Web server process.' in /Users/mdellagnese/Google Drive/Desenvolvimento/citae.vc/protected/components/Controller.php:35
Stack trace:
#0 /Users/mdellagnese/Google Drive/Desenvolvimento/citae.vc/protected/components/Controller.php(22): Controller->_loadDefaultScripts()
#1 /Users/mdellagnese/Google Drive/Desenvolvimento/yii-framework/web/CController.php(780): Controller->beforeRender('index')
#2 /Users/mdellagnese/Google Drive/Desenvolvimento/citae.vc/protected/controllers/SiteController.php(32): CController->render('index')
#3 /Users/mdellagnese/Google Drive/Desenvolvimento/yii-framework/web/actions/CInlineAction.php(49): SiteController->actionIndex()
#4 /Users/mdellagnese/Google Drive/Desenvolvimento/yii-framework/web/CController.php(308): CInlineAction->runWithParams(Array)
#5 /Users/mdellagnese/Google Drive/Desenvolvimento/yii-framework/web/CController.php(286): CController->runAction(Object(CInlineAction))
#6 /Users/mdellagnese/Google Drive/Desenvolvimento/yii-framework/web/CController.php(265): CController->runActionWithFilters(Object(CInlineAction), Array)
#7 /Users/mdellagnese/Google Drive/Desenvolvimento/yii-framework/web/CWebApplication.php(282): CController->run('')
#8 /Users/mdellagnese/Google Drive/Desenvolvimento/yii-framework/web/CWebApplication.php(141): CWebApplication->runController('')
#9 /Users/mdellagnese/Google Drive/Desenvolvimento/yii-framework/base/CApplication.php(169): CWebApplication->processRequest()
#10 /Users/mdellagnese/Google Drive/Desenvolvimento/citae.vc/index.php(13): CApplication->run()
#11 {main}
REQUEST_URI=/citae.vc/
---
2013/05/10 00:22:15 [error] [exception.CHttpException.404] exception 'CHttpException' with message 'Unable to resolve the request "css/screen.css".' in /Users/mdellagnese/Google Drive/Desenvolvimento/yii-framework/web/CWebApplication.php:286
Stack trace:
#0 /Users/mdellagnese/Google Drive/Desenvolvimento/yii-framework/web/CWebApplication.php(141): CWebApplication->runController('css/screen.css')
#1 /Users/mdellagnese/Google Drive/Desenvolvimento/yii-framework/base/CApplication.php(169): CWebApplication->processRequest()
#2 /Users/mdellagnese/Google Drive/Desenvolvimento/citae.vc/index.php(13): CApplication->run()
#3 {main}
REQUEST_URI=/citae.vc/css/screen.css
HTTP_REFERER=http://localhost/citae.vc/
---
2013/05/10 00:22:15 [error] [exception.CHttpException.404] exception 'CHttpException' with message 'Unable to resolve the request "css/main.css".' in /Users/mdellagnese/Google Drive/Desenvolvimento/yii-framework/web/CWebApplication.php:286
Stack trace:
#0 /Users/mdellagnese/Google Drive/Desenvolvimento/yii-framework/web/CWebApplication.php(141): CWebApplication->runController('css/main.css')
#1 /Users/mdellagnese/Google Drive/Desenvolvimento/yii-framework/base/CApplication.php(169): CWebApplication->processRequest()
#2 /Users/mdellagnese/Google Drive/Desenvolvimento/citae.vc/index.php(13): CApplication->run()
#3 {main}
REQUEST_URI=/citae.vc/css/main.css
HTTP_REFERER=http://localhost/citae.vc/
---
2013/05/10 00:22:15 [error] [exception.CHttpException.404] exception 'CHttpException' with message 'Unable to resolve the request "css/form.css".' in /Users/mdellagnese/Google Drive/Desenvolvimento/yii-framework/web/CWebApplication.php:286
Stack trace:
#0 /Users/mdellagnese/Google Drive/Desenvolvimento/yii-framework/web/CWebApplication.php(141): CWebApplication->runController('css/form.css')
#1 /Users/mdellagnese/Google Drive/Desenvolvimento/yii-framework/base/CApplication.php(169): CWebApplication->processRequest()
#2 /Users/mdellagnese/Google Drive/Desenvolvimento/citae.vc/index.php(13): CApplication->run()
#3 {main}
REQUEST_URI=/citae.vc/css/form.css
HTTP_REFERER=http://localhost/citae.vc/
---
2013/05/10 00:22:16 [error] [exception.CHttpException.404] exception 'CHttpException' with message 'Unable to resolve the request "css/print.css".' in /Users/mdellagnese/Google Drive/Desenvolvimento/yii-framework/web/CWebApplication.php:286
Stack trace:
#0 /Users/mdellagnese/Google Drive/Desenvolvimento/yii-framework/web/CWebApplication.php(141): CWebApplication->runController('css/print.css')
#1 /Users/mdellagnese/Google Drive/Desenvolvimento/yii-framework/base/CApplication.php(169): CWebApplication->processRequest()
#2 /Users/mdellagnese/Google Drive/Desenvolvimento/citae.vc/index.php(13): CApplication->run()
#3 {main}
REQUEST_URI=/citae.vc/css/print.css
HTTP_REFERER=http://localhost/citae.vc/
---
2013/05/10 00:22:54 [error] [exception.CHttpException.404] exception 'CHttpException' with message 'Unable to resolve the request "css/form.css".' in /Users/mdellagnese/Google Drive/Desenvolvimento/yii-framework/web/CWebApplication.php:286
Stack trace:
#0 /Users/mdellagnese/Google Drive/Desenvolvimento/yii-framework/web/CWebApplication.php(141): CWebApplication->runController('css/form.css')
#1 /Users/mdellagnese/Google Drive/Desenvolvimento/yii-framework/base/CApplication.php(169): CWebApplication->processRequest()
#2 /Users/mdellagnese/Google Drive/Desenvolvimento/citae.vc/index.php(13): CApplication->run()
#3 {main}
REQUEST_URI=/citae.vc/css/form.css
HTTP_REFERER=http://localhost/citae.vc/
---
2013/05/10 00:22:54 [error] [exception.CHttpException.404] exception 'CHttpException' with message 'Unable to resolve the request "css/main.css".' in /Users/mdellagnese/Google Drive/Desenvolvimento/yii-framework/web/CWebApplication.php:286
Stack trace:
#0 /Users/mdellagnese/Google Drive/Desenvolvimento/yii-framework/web/CWebApplication.php(141): CWebApplication->runController('css/main.css')
#1 /Users/mdellagnese/Google Drive/Desenvolvimento/yii-framework/base/CApplication.php(169): CWebApplication->processRequest()
#2 /Users/mdellagnese/Google Drive/Desenvolvimento/citae.vc/index.php(13): CApplication->run()
#3 {main}
REQUEST_URI=/citae.vc/css/main.css
HTTP_REFERER=http://localhost/citae.vc/
---
2013/05/10 00:22:54 [error] [exception.CHttpException.404] exception 'CHttpException' with message 'Unable to resolve the request "css/print.css".' in /Users/mdellagnese/Google Drive/Desenvolvimento/yii-framework/web/CWebApplication.php:286
Stack trace:
#0 /Users/mdellagnese/Google Drive/Desenvolvimento/yii-framework/web/CWebApplication.php(141): CWebApplication->runController('css/print.css')
#1 /Users/mdellagnese/Google Drive/Desenvolvimento/yii-framework/base/CApplication.php(169): CWebApplication->processRequest()
#2 /Users/mdellagnese/Google Drive/Desenvolvimento/citae.vc/index.php(13): CApplication->run()
#3 {main}
REQUEST_URI=/citae.vc/css/print.css
HTTP_REFERER=http://localhost/citae.vc/
---
2013/05/12 22:34:32 [error] [exception.CHttpException.404] exception 'CHttpException' with message 'Unable to resolve the request "assets/3c25b9d/css/bg.gif".' in /Users/mdellagnese/Google Drive/Desenvolvimento/yii-framework/web/CWebApplication.php:286
Stack trace:
#0 /Users/mdellagnese/Google Drive/Desenvolvimento/yii-framework/web/CWebApplication.php(141): CWebApplication->runController('assets/3c25b9d/...')
#1 /Users/mdellagnese/Google Drive/Desenvolvimento/yii-framework/base/CApplication.php(169): CWebApplication->processRequest()
#2 /Users/mdellagnese/Google Drive/Desenvolvimento/citae.vc/index.php(13): CApplication->run()
#3 {main}
REQUEST_URI=/citae.vc/assets/3c25b9d/css/bg.gif
HTTP_REFERER=http://localhost/citae.vc/index
---
2013/05/12 22:40:10 [error] [php] file_get_contents(/Users/mdellagnese/Google Drive/Desenvolvimento/citae.vc/assets/3c25b9d/css/reset.css): failed to open stream: No such file or directory (/Users/mdellagnese/Google Drive/Desenvolvimento/citae.vc/protected/extensions/minify/EClientScript.php:214)
Stack trace:
#0 /Users/mdellagnese/Google Drive/Desenvolvimento/yii-framework/web/CClientScript.php(215): EClientScript->renderHead()
#1 /Users/mdellagnese/Google Drive/Desenvolvimento/citae.vc/protected/extensions/minify/EClientScript.php(112): EClientScript->render()
#2 /Users/mdellagnese/Google Drive/Desenvolvimento/yii-framework/web/CController.php(351): EClientScript->render()
#3 /Users/mdellagnese/Google Drive/Desenvolvimento/yii-framework/web/CController.php(788): SiteController->processOutput()
#4 /Users/mdellagnese/Google Drive/Desenvolvimento/citae.vc/protected/controllers/SiteController.php(32): SiteController->render()
#5 /Users/mdellagnese/Google Drive/Desenvolvimento/yii-framework/web/actions/CInlineAction.php(49): SiteController->actionIndex()
#6 /Users/mdellagnese/Google Drive/Desenvolvimento/yii-framework/web/CController.php(308): CInlineAction->runWithParams()
#7 /Users/mdellagnese/Google Drive/Desenvolvimento/yii-framework/web/CController.php(286): SiteController->runAction()
#8 /Users/mdellagnese/Google Drive/Desenvolvimento/yii-framework/web/CController.php(265): SiteController->runActionWithFilters()
#9 /Users/mdellagnese/Google Drive/Desenvolvimento/yii-framework/web/CWebApplication.php(282): SiteController->run()
#10 /Users/mdellagnese/Google Drive/Desenvolvimento/yii-framework/web/CWebApplication.php(141): CWebApplication->runController()
#11 /Users/mdellagnese/Google Drive/Desenvolvimento/yii-framework/base/CApplication.php(169): CWebApplication->processRequest()
#12 /Users/mdellagnese/Google Drive/Desenvolvimento/citae.vc/index.php(13): CWebApplication->run()
REQUEST_URI=/citae.vc/
in /Users/mdellagnese/Google Drive/Desenvolvimento/citae.vc/protected/extensions/minify/EClientScript.php (214)
in /Users/mdellagnese/Google Drive/Desenvolvimento/citae.vc/protected/extensions/minify/EClientScript.php (125)
in /Users/mdellagnese/Google Drive/Desenvolvimento/citae.vc/protected/extensions/minify/EClientScript.php (112)
2013/05/12 22:41:46 [error] [php] file_get_contents(/Users/mdellagnese/Google Drive/Desenvolvimento/citae.vc/assets/3c25b9d/css/reset.css): failed to open stream: No such file or directory (/Users/mdellagnese/Google Drive/Desenvolvimento/citae.vc/protected/extensions/minify/EClientScript.php:214)
Stack trace:
#0 /Users/mdellagnese/Google Drive/Desenvolvimento/yii-framework/web/CClientScript.php(215): EClientScript->renderHead()
#1 /Users/mdellagnese/Google Drive/Desenvolvimento/citae.vc/protected/extensions/minify/EClientScript.php(112): EClientScript->render()
#2 /Users/mdellagnese/Google Drive/Desenvolvimento/yii-framework/web/CController.php(351): EClientScript->render()
#3 /Users/mdellagnese/Google Drive/Desenvolvimento/yii-framework/web/CController.php(788): SiteController->processOutput()
#4 /Users/mdellagnese/Google Drive/Desenvolvimento/citae.vc/protected/controllers/SiteController.php(32): SiteController->render()
#5 /Users/mdellagnese/Google Drive/Desenvolvimento/yii-framework/web/actions/CInlineAction.php(49): SiteController->actionIndex()
#6 /Users/mdellagnese/Google Drive/Desenvolvimento/yii-framework/web/CController.php(308): CInlineAction->runWithParams()
#7 /Users/mdellagnese/Google Drive/Desenvolvimento/yii-framework/web/CController.php(286): SiteController->runAction()
#8 /Users/mdellagnese/Google Drive/Desenvolvimento/yii-framework/web/CController.php(265): SiteController->runActionWithFilters()
#9 /Users/mdellagnese/Google Drive/Desenvolvimento/yii-framework/web/CWebApplication.php(282): SiteController->run()
#10 /Users/mdellagnese/Google Drive/Desenvolvimento/yii-framework/web/CWebApplication.php(141): CWebApplication->runController()
#11 /Users/mdellagnese/Google Drive/Desenvolvimento/yii-framework/base/CApplication.php(169): CWebApplication->processRequest()
#12 /Users/mdellagnese/Google Drive/Desenvolvimento/citae.vc/index.php(13): CWebApplication->run()
REQUEST_URI=/citae.vc/
in /Users/mdellagnese/Google Drive/Desenvolvimento/citae.vc/protected/extensions/minify/EClientScript.php (214)
in /Users/mdellagnese/Google Drive/Desenvolvimento/citae.vc/protected/extensions/minify/EClientScript.php (125)
in /Users/mdellagnese/Google Drive/Desenvolvimento/citae.vc/protected/extensions/minify/EClientScript.php (112)
2013/05/12 22:41:47 [error] [php] file_get_contents(/Users/mdellagnese/Google Drive/Desenvolvimento/citae.vc/assets/3c25b9d/css/reset.css): failed to open stream: No such file or directory (/Users/mdellagnese/Google Drive/Desenvolvimento/citae.vc/protected/extensions/minify/EClientScript.php:214)
Stack trace:
#0 /Users/mdellagnese/Google Drive/Desenvolvimento/yii-framework/web/CClientScript.php(215): EClientScript->renderHead()
#1 /Users/mdellagnese/Google Drive/Desenvolvimento/citae.vc/protected/extensions/minify/EClientScript.php(112): EClientScript->render()
#2 /Users/mdellagnese/Google Drive/Desenvolvimento/yii-framework/web/CController.php(351): EClientScript->render()
#3 /Users/mdellagnese/Google Drive/Desenvolvimento/yii-framework/web/CController.php(788): SiteController->processOutput()
#4 /Users/mdellagnese/Google Drive/Desenvolvimento/citae.vc/protected/controllers/SiteController.php(32): SiteController->render()
#5 /Users/mdellagnese/Google Drive/Desenvolvimento/yii-framework/web/actions/CInlineAction.php(49): SiteController->actionIndex()
#6 /Users/mdellagnese/Google Drive/Desenvolvimento/yii-framework/web/CController.php(308): CInlineAction->runWithParams()
#7 /Users/mdellagnese/Google Drive/Desenvolvimento/yii-framework/web/CController.php(286): SiteController->runAction()
#8 /Users/mdellagnese/Google Drive/Desenvolvimento/yii-framework/web/CController.php(265): SiteController->runActionWithFilters()
#9 /Users/mdellagnese/Google Drive/Desenvolvimento/yii-framework/web/CWebApplication.php(282): SiteController->run()
#10 /Users/mdellagnese/Google Drive/Desenvolvimento/yii-framework/web/CWebApplication.php(141): CWebApplication->runController()
#11 /Users/mdellagnese/Google Drive/Desenvolvimento/yii-framework/base/CApplication.php(169): CWebApplication->processRequest()
#12 /Users/mdellagnese/Google Drive/Desenvolvimento/citae.vc/index.php(13): CWebApplication->run()
REQUEST_URI=/citae.vc/
in /Users/mdellagnese/Google Drive/Desenvolvimento/citae.vc/protected/extensions/minify/EClientScript.php (214)
in /Users/mdellagnese/Google Drive/Desenvolvimento/citae.vc/protected/extensions/minify/EClientScript.php (125)
in /Users/mdellagnese/Google Drive/Desenvolvimento/citae.vc/protected/extensions/minify/EClientScript.php (112)
2013/05/12 22:42:06 [error] [exception.Exception] exception 'Exception' with message 'N‹o foi poss’vel carregar os assets: CAssetManager.basePath "/Users/mdellagnese/Google Drive/Desenvolvimento/citae.vc/assets" is invalid. Please make sure the directory exists and is writable by the Web server process.' in /Users/mdellagnese/Google Drive/Desenvolvimento/citae.vc/protected/components/Controller.php:31
Stack trace:
#0 /Users/mdellagnese/Google Drive/Desenvolvimento/citae.vc/protected/components/Controller.php(12): Controller->_loadDefaultScripts()
#1 /Users/mdellagnese/Google Drive/Desenvolvimento/yii-framework/web/CController.php(780): Controller->beforeRender('index')
#2 /Users/mdellagnese/Google Drive/Desenvolvimento/citae.vc/protected/controllers/SiteController.php(32): CController->render('index')
#3 /Users/mdellagnese/Google Drive/Desenvolvimento/yii-framework/web/actions/CInlineAction.php(49): SiteController->actionIndex()
#4 /Users/mdellagnese/Google Drive/Desenvolvimento/yii-framework/web/CController.php(308): CInlineAction->runWithParams(Array)
#5 /Users/mdellagnese/Google Drive/Desenvolvimento/yii-framework/web/CController.php(286): CController->runAction(Object(CInlineAction))
#6 /Users/mdellagnese/Google Drive/Desenvolvimento/yii-framework/web/CController.php(265): CController->runActionWithFilters(Object(CInlineAction), Array)
#7 /Users/mdellagnese/Google Drive/Desenvolvimento/yii-framework/web/CWebApplication.php(282): CController->run('')
#8 /Users/mdellagnese/Google Drive/Desenvolvimento/yii-framework/web/CWebApplication.php(141): CWebApplication->runController('')
#9 /Users/mdellagnese/Google Drive/Desenvolvimento/yii-framework/base/CApplication.php(169): CWebApplication->processRequest()
#10 /Users/mdellagnese/Google Drive/Desenvolvimento/citae.vc/index.php(13): CApplication->run()
#11 {main}
REQUEST_URI=/citae.vc/
---
2013/05/12 22:42:26 [error] [exception.Exception] exception 'Exception' with message 'N‹o foi poss’vel carregar os assets: CAssetManager.basePath "/Users/mdellagnese/Google Drive/Desenvolvimento/citae.vc/assets" is invalid. Please make sure the directory exists and is writable by the Web server process.' in /Users/mdellagnese/Google Drive/Desenvolvimento/citae.vc/protected/components/Controller.php:31
Stack trace:
#0 /Users/mdellagnese/Google Drive/Desenvolvimento/citae.vc/protected/components/Controller.php(12): Controller->_loadDefaultScripts()
#1 /Users/mdellagnese/Google Drive/Desenvolvimento/yii-framework/web/CController.php(780): Controller->beforeRender('index')
#2 /Users/mdellagnese/Google Drive/Desenvolvimento/citae.vc/protected/controllers/SiteController.php(32): CController->render('index')
#3 /Users/mdellagnese/Google Drive/Desenvolvimento/yii-framework/web/actions/CInlineAction.php(49): SiteController->actionIndex()
#4 /Users/mdellagnese/Google Drive/Desenvolvimento/yii-framework/web/CController.php(308): CInlineAction->runWithParams(Array)
#5 /Users/mdellagnese/Google Drive/Desenvolvimento/yii-framework/web/CController.php(286): CController->runAction(Object(CInlineAction))
#6 /Users/mdellagnese/Google Drive/Desenvolvimento/yii-framework/web/CController.php(265): CController->runActionWithFilters(Object(CInlineAction), Array)
#7 /Users/mdellagnese/Google Drive/Desenvolvimento/yii-framework/web/CWebApplication.php(282): CController->run('')
#8 /Users/mdellagnese/Google Drive/Desenvolvimento/yii-framework/web/CWebApplication.php(141): CWebApplication->runController('')
#9 /Users/mdellagnese/Google Drive/Desenvolvimento/yii-framework/base/CApplication.php(169): CWebApplication->processRequest()
#10 /Users/mdellagnese/Google Drive/Desenvolvimento/citae.vc/index.php(13): CApplication->run()
#11 {main}
REQUEST_URI=/citae.vc/
---
2013/05/12 22:43:24 [error] [exception.Exception] exception 'Exception' with message 'N‹o foi poss’vel carregar os assets: CAssetManager.basePath "/Users/mdellagnese/Google Drive/Desenvolvimento/citae.vc/assets" is invalid. Please make sure the directory exists and is writable by the Web server process.' in /Users/mdellagnese/Google Drive/Desenvolvimento/citae.vc/protected/components/Controller.php:31
Stack trace:
#0 /Users/mdellagnese/Google Drive/Desenvolvimento/citae.vc/protected/components/Controller.php(12): Controller->_loadDefaultScripts()
#1 /Users/mdellagnese/Google Drive/Desenvolvimento/yii-framework/web/CController.php(780): Controller->beforeRender('index')
#2 /Users/mdellagnese/Google Drive/Desenvolvimento/citae.vc/protected/controllers/SiteController.php(32): CController->render('index')
#3 /Users/mdellagnese/Google Drive/Desenvolvimento/yii-framework/web/actions/CInlineAction.php(49): SiteController->actionIndex()
#4 /Users/mdellagnese/Google Drive/Desenvolvimento/yii-framework/web/CController.php(308): CInlineAction->runWithParams(Array)
#5 /Users/mdellagnese/Google Drive/Desenvolvimento/yii-framework/web/CController.php(286): CController->runAction(Object(CInlineAction))
#6 /Users/mdellagnese/Google Drive/Desenvolvimento/yii-framework/web/CController.php(265): CController->runActionWithFilters(Object(CInlineAction), Array)
#7 /Users/mdellagnese/Google Drive/Desenvolvimento/yii-framework/web/CWebApplication.php(282): CController->run('')
#8 /Users/mdellagnese/Google Drive/Desenvolvimento/yii-framework/web/CWebApplication.php(141): CWebApplication->runController('')
#9 /Users/mdellagnese/Google Drive/Desenvolvimento/yii-framework/base/CApplication.php(169): CWebApplication->processRequest()
#10 /Users/mdellagnese/Google Drive/Desenvolvimento/citae.vc/index.php(13): CApplication->run()
#11 {main}
REQUEST_URI=/citae.vc/
---
2013/05/12 22:43:27 [error] [exception.Exception] exception 'Exception' with message 'N‹o foi poss’vel carregar os assets: CAssetManager.basePath "/Users/mdellagnese/Google Drive/Desenvolvimento/citae.vc/assets" is invalid. Please make sure the directory exists and is writable by the Web server process.' in /Users/mdellagnese/Google Drive/Desenvolvimento/citae.vc/protected/components/Controller.php:31
Stack trace:
#0 /Users/mdellagnese/Google Drive/Desenvolvimento/citae.vc/protected/components/Controller.php(12): Controller->_loadDefaultScripts()
#1 /Users/mdellagnese/Google Drive/Desenvolvimento/yii-framework/web/CController.php(780): Controller->beforeRender('index')
#2 /Users/mdellagnese/Google Drive/Desenvolvimento/citae.vc/protected/controllers/SiteController.php(32): CController->render('index')
#3 /Users/mdellagnese/Google Drive/Desenvolvimento/yii-framework/web/actions/CInlineAction.php(49): SiteController->actionIndex()
#4 /Users/mdellagnese/Google Drive/Desenvolvimento/yii-framework/web/CController.php(308): CInlineAction->runWithParams(Array)
#5 /Users/mdellagnese/Google Drive/Desenvolvimento/yii-framework/web/CController.php(286): CController->runAction(Object(CInlineAction))
#6 /Users/mdellagnese/Google Drive/Desenvolvimento/yii-framework/web/CController.php(265): CController->runActionWithFilters(Object(CInlineAction), Array)
#7 /Users/mdellagnese/Google Drive/Desenvolvimento/yii-framework/web/CWebApplication.php(282): CController->run('')
#8 /Users/mdellagnese/Google Drive/Desenvolvimento/yii-framework/web/CWebApplication.php(141): CWebApplication->runController('')
#9 /Users/mdellagnese/Google Drive/Desenvolvimento/yii-framework/base/CApplication.php(169): CWebApplication->processRequest()
#10 /Users/mdellagnese/Google Drive/Desenvolvimento/citae.vc/index.php(13): CApplication->run()
#11 {main}
REQUEST_URI=/citae.vc/
---
2013/05/12 22:43:27 [error] [exception.Exception] exception 'Exception' with message 'N‹o foi poss’vel carregar os assets: CAssetManager.basePath "/Users/mdellagnese/Google Drive/Desenvolvimento/citae.vc/assets" is invalid. Please make sure the directory exists and is writable by the Web server process.' in /Users/mdellagnese/Google Drive/Desenvolvimento/citae.vc/protected/components/Controller.php:31
Stack trace:
#0 /Users/mdellagnese/Google Drive/Desenvolvimento/citae.vc/protected/components/Controller.php(12): Controller->_loadDefaultScripts()
#1 /Users/mdellagnese/Google Drive/Desenvolvimento/yii-framework/web/CController.php(780): Controller->beforeRender('index')
#2 /Users/mdellagnese/Google Drive/Desenvolvimento/citae.vc/protected/controllers/SiteController.php(32): CController->render('index')
#3 /Users/mdellagnese/Google Drive/Desenvolvimento/yii-framework/web/actions/CInlineAction.php(49): SiteController->actionIndex()
#4 /Users/mdellagnese/Google Drive/Desenvolvimento/yii-framework/web/CController.php(308): CInlineAction->runWithParams(Array)
#5 /Users/mdellagnese/Google Drive/Desenvolvimento/yii-framework/web/CController.php(286): CController->runAction(Object(CInlineAction))
#6 /Users/mdellagnese/Google Drive/Desenvolvimento/yii-framework/web/CController.php(265): CController->runActionWithFilters(Object(CInlineAction), Array)
#7 /Users/mdellagnese/Google Drive/Desenvolvimento/yii-framework/web/CWebApplication.php(282): CController->run('')
#8 /Users/mdellagnese/Google Drive/Desenvolvimento/yii-framework/web/CWebApplication.php(141): CWebApplication->runController('')
#9 /Users/mdellagnese/Google Drive/Desenvolvimento/yii-framework/base/CApplication.php(169): CWebApplication->processRequest()
#10 /Users/mdellagnese/Google Drive/Desenvolvimento/citae.vc/index.php(13): CApplication->run()
#11 {main}
REQUEST_URI=/citae.vc/
---
2013/05/12 22:43:27 [error] [exception.Exception] exception 'Exception' with message 'N‹o foi poss’vel carregar os assets: CAssetManager.basePath "/Users/mdellagnese/Google Drive/Desenvolvimento/citae.vc/assets" is invalid. Please make sure the directory exists and is writable by the Web server process.' in /Users/mdellagnese/Google Drive/Desenvolvimento/citae.vc/protected/components/Controller.php:31
Stack trace:
#0 /Users/mdellagnese/Google Drive/Desenvolvimento/citae.vc/protected/components/Controller.php(12): Controller->_loadDefaultScripts()
#1 /Users/mdellagnese/Google Drive/Desenvolvimento/yii-framework/web/CController.php(780): Controller->beforeRender('index')
#2 /Users/mdellagnese/Google Drive/Desenvolvimento/citae.vc/protected/controllers/SiteController.php(32): CController->render('index')
#3 /Users/mdellagnese/Google Drive/Desenvolvimento/yii-framework/web/actions/CInlineAction.php(49): SiteController->actionIndex()
#4 /Users/mdellagnese/Google Drive/Desenvolvimento/yii-framework/web/CController.php(308): CInlineAction->runWithParams(Array)
#5 /Users/mdellagnese/Google Drive/Desenvolvimento/yii-framework/web/CController.php(286): CController->runAction(Object(CInlineAction))
#6 /Users/mdellagnese/Google Drive/Desenvolvimento/yii-framework/web/CController.php(265): CController->runActionWithFilters(Object(CInlineAction), Array)
#7 /Users/mdellagnese/Google Drive/Desenvolvimento/yii-framework/web/CWebApplication.php(282): CController->run('')
#8 /Users/mdellagnese/Google Drive/Desenvolvimento/yii-framework/web/CWebApplication.php(141): CWebApplication->runController('')
#9 /Users/mdellagnese/Google Drive/Desenvolvimento/yii-framework/base/CApplication.php(169): CWebApplication->processRequest()
#10 /Users/mdellagnese/Google Drive/Desenvolvimento/citae.vc/index.php(13): CApplication->run()
#11 {main}
REQUEST_URI=/citae.vc/
---
2013/05/12 22:43:27 [error] [exception.Exception] exception 'Exception' with message 'N‹o foi poss’vel carregar os assets: CAssetManager.basePath "/Users/mdellagnese/Google Drive/Desenvolvimento/citae.vc/assets" is invalid. Please make sure the directory exists and is writable by the Web server process.' in /Users/mdellagnese/Google Drive/Desenvolvimento/citae.vc/protected/components/Controller.php:31
Stack trace:
#0 /Users/mdellagnese/Google Drive/Desenvolvimento/citae.vc/protected/components/Controller.php(12): Controller->_loadDefaultScripts()
#1 /Users/mdellagnese/Google Drive/Desenvolvimento/yii-framework/web/CController.php(780): Controller->beforeRender('index')
#2 /Users/mdellagnese/Google Drive/Desenvolvimento/citae.vc/protected/controllers/SiteController.php(32): CController->render('index')
#3 /Users/mdellagnese/Google Drive/Desenvolvimento/yii-framework/web/actions/CInlineAction.php(49): SiteController->actionIndex()
#4 /Users/mdellagnese/Google Drive/Desenvolvimento/yii-framework/web/CController.php(308): CInlineAction->runWithParams(Array)
#5 /Users/mdellagnese/Google Drive/Desenvolvimento/yii-framework/web/CController.php(286): CController->runAction(Object(CInlineAction))
#6 /Users/mdellagnese/Google Drive/Desenvolvimento/yii-framework/web/CController.php(265): CController->runActionWithFilters(Object(CInlineAction), Array)
#7 /Users/mdellagnese/Google Drive/Desenvolvimento/yii-framework/web/CWebApplication.php(282): CController->run('')
#8 /Users/mdellagnese/Google Drive/Desenvolvimento/yii-framework/web/CWebApplication.php(141): CWebApplication->runController('')
#9 /Users/mdellagnese/Google Drive/Desenvolvimento/yii-framework/base/CApplication.php(169): CWebApplication->processRequest()
#10 /Users/mdellagnese/Google Drive/Desenvolvimento/citae.vc/index.php(13): CApplication->run()
#11 {main}
REQUEST_URI=/citae.vc/
---
2013/05/12 22:43:27 [error] [exception.Exception] exception 'Exception' with message 'N‹o foi poss’vel carregar os assets: CAssetManager.basePath "/Users/mdellagnese/Google Drive/Desenvolvimento/citae.vc/assets" is invalid. Please make sure the directory exists and is writable by the Web server process.' in /Users/mdellagnese/Google Drive/Desenvolvimento/citae.vc/protected/components/Controller.php:31
Stack trace:
#0 /Users/mdellagnese/Google Drive/Desenvolvimento/citae.vc/protected/components/Controller.php(12): Controller->_loadDefaultScripts()
#1 /Users/mdellagnese/Google Drive/Desenvolvimento/yii-framework/web/CController.php(780): Controller->beforeRender('index')
#2 /Users/mdellagnese/Google Drive/Desenvolvimento/citae.vc/protected/controllers/SiteController.php(32): CController->render('index')
#3 /Users/mdellagnese/Google Drive/Desenvolvimento/yii-framework/web/actions/CInlineAction.php(49): SiteController->actionIndex()
#4 /Users/mdellagnese/Google Drive/Desenvolvimento/yii-framework/web/CController.php(308): CInlineAction->runWithParams(Array)
#5 /Users/mdellagnese/Google Drive/Desenvolvimento/yii-framework/web/CController.php(286): CController->runAction(Object(CInlineAction))
#6 /Users/mdellagnese/Google Drive/Desenvolvimento/yii-framework/web/CController.php(265): CController->runActionWithFilters(Object(CInlineAction), Array)
#7 /Users/mdellagnese/Google Drive/Desenvolvimento/yii-framework/web/CWebApplication.php(282): CController->run('')
#8 /Users/mdellagnese/Google Drive/Desenvolvimento/yii-framework/web/CWebApplication.php(141): CWebApplication->runController('')
#9 /Users/mdellagnese/Google Drive/Desenvolvimento/yii-framework/base/CApplication.php(169): CWebApplication->processRequest()
#10 /Users/mdellagnese/Google Drive/Desenvolvimento/citae.vc/index.php(13): CApplication->run()
#11 {main}
REQUEST_URI=/citae.vc/
---
2013/05/12 22:43:27 [error] [exception.Exception] exception 'Exception' with message 'N‹o foi poss’vel carregar os assets: CAssetManager.basePath "/Users/mdellagnese/Google Drive/Desenvolvimento/citae.vc/assets" is invalid. Please make sure the directory exists and is writable by the Web server process.' in /Users/mdellagnese/Google Drive/Desenvolvimento/citae.vc/protected/components/Controller.php:31
Stack trace:
#0 /Users/mdellagnese/Google Drive/Desenvolvimento/citae.vc/protected/components/Controller.php(12): Controller->_loadDefaultScripts()
#1 /Users/mdellagnese/Google Drive/Desenvolvimento/yii-framework/web/CController.php(780): Controller->beforeRender('index')
#2 /Users/mdellagnese/Google Drive/Desenvolvimento/citae.vc/protected/controllers/SiteController.php(32): CController->render('index')
#3 /Users/mdellagnese/Google Drive/Desenvolvimento/yii-framework/web/actions/CInlineAction.php(49): SiteController->actionIndex()
#4 /Users/mdellagnese/Google Drive/Desenvolvimento/yii-framework/web/CController.php(308): CInlineAction->runWithParams(Array)
#5 /Users/mdellagnese/Google Drive/Desenvolvimento/yii-framework/web/CController.php(286): CController->runAction(Object(CInlineAction))
#6 /Users/mdellagnese/Google Drive/Desenvolvimento/yii-framework/web/CController.php(265): CController->runActionWithFilters(Object(CInlineAction), Array)
#7 /Users/mdellagnese/Google Drive/Desenvolvimento/yii-framework/web/CWebApplication.php(282): CController->run('')
#8 /Users/mdellagnese/Google Drive/Desenvolvimento/yii-framework/web/CWebApplication.php(141): CWebApplication->runController('')
#9 /Users/mdellagnese/Google Drive/Desenvolvimento/yii-framework/base/CApplication.php(169): CWebApplication->processRequest()
#10 /Users/mdellagnese/Google Drive/Desenvolvimento/citae.vc/index.php(13): CApplication->run()
#11 {main}
REQUEST_URI=/citae.vc/
---
2013/05/12 22:43:27 [error] [exception.Exception] exception 'Exception' with message 'N‹o foi poss’vel carregar os assets: CAssetManager.basePath "/Users/mdellagnese/Google Drive/Desenvolvimento/citae.vc/assets" is invalid. Please make sure the directory exists and is writable by the Web server process.' in /Users/mdellagnese/Google Drive/Desenvolvimento/citae.vc/protected/components/Controller.php:31
Stack trace:
#0 /Users/mdellagnese/Google Drive/Desenvolvimento/citae.vc/protected/components/Controller.php(12): Controller->_loadDefaultScripts()
#1 /Users/mdellagnese/Google Drive/Desenvolvimento/yii-framework/web/CController.php(780): Controller->beforeRender('index')
#2 /Users/mdellagnese/Google Drive/Desenvolvimento/citae.vc/protected/controllers/SiteController.php(32): CController->render('index')
#3 /Users/mdellagnese/Google Drive/Desenvolvimento/yii-framework/web/actions/CInlineAction.php(49): SiteController->actionIndex()
#4 /Users/mdellagnese/Google Drive/Desenvolvimento/yii-framework/web/CController.php(308): CInlineAction->runWithParams(Array)
#5 /Users/mdellagnese/Google Drive/Desenvolvimento/yii-framework/web/CController.php(286): CController->runAction(Object(CInlineAction))
#6 /Users/mdellagnese/Google Drive/Desenvolvimento/yii-framework/web/CController.php(265): CController->runActionWithFilters(Object(CInlineAction), Array)
#7 /Users/mdellagnese/Google Drive/Desenvolvimento/yii-framework/web/CWebApplication.php(282): CController->run('')
#8 /Users/mdellagnese/Google Drive/Desenvolvimento/yii-framework/web/CWebApplication.php(141): CWebApplication->runController('')
#9 /Users/mdellagnese/Google Drive/Desenvolvimento/yii-framework/base/CApplication.php(169): CWebApplication->processRequest()
#10 /Users/mdellagnese/Google Drive/Desenvolvimento/citae.vc/index.php(13): CApplication->run()
#11 {main}
REQUEST_URI=/citae.vc/
---
2013/05/12 22:43:28 [error] [exception.Exception] exception 'Exception' with message 'N‹o foi poss’vel carregar os assets: CAssetManager.basePath "/Users/mdellagnese/Google Drive/Desenvolvimento/citae.vc/assets" is invalid. Please make sure the directory exists and is writable by the Web server process.' in /Users/mdellagnese/Google Drive/Desenvolvimento/citae.vc/protected/components/Controller.php:31
Stack trace:
#0 /Users/mdellagnese/Google Drive/Desenvolvimento/citae.vc/protected/components/Controller.php(12): Controller->_loadDefaultScripts()
#1 /Users/mdellagnese/Google Drive/Desenvolvimento/yii-framework/web/CController.php(780): Controller->beforeRender('index')
#2 /Users/mdellagnese/Google Drive/Desenvolvimento/citae.vc/protected/controllers/SiteController.php(32): CController->render('index')
#3 /Users/mdellagnese/Google Drive/Desenvolvimento/yii-framework/web/actions/CInlineAction.php(49): SiteController->actionIndex()
#4 /Users/mdellagnese/Google Drive/Desenvolvimento/yii-framework/web/CController.php(308): CInlineAction->runWithParams(Array)
#5 /Users/mdellagnese/Google Drive/Desenvolvimento/yii-framework/web/CController.php(286): CController->runAction(Object(CInlineAction))
#6 /Users/mdellagnese/Google Drive/Desenvolvimento/yii-framework/web/CController.php(265): CController->runActionWithFilters(Object(CInlineAction), Array)
#7 /Users/mdellagnese/Google Drive/Desenvolvimento/yii-framework/web/CWebApplication.php(282): CController->run('')
#8 /Users/mdellagnese/Google Drive/Desenvolvimento/yii-framework/web/CWebApplication.php(141): CWebApplication->runController('')
#9 /Users/mdellagnese/Google Drive/Desenvolvimento/yii-framework/base/CApplication.php(169): CWebApplication->processRequest()
#10 /Users/mdellagnese/Google Drive/Desenvolvimento/citae.vc/index.php(13): CApplication->run()
#11 {main}
REQUEST_URI=/citae.vc/
---
2013/05/12 22:43:28 [error] [exception.Exception] exception 'Exception' with message 'N‹o foi poss’vel carregar os assets: CAssetManager.basePath "/Users/mdellagnese/Google Drive/Desenvolvimento/citae.vc/assets" is invalid. Please make sure the directory exists and is writable by the Web server process.' in /Users/mdellagnese/Google Drive/Desenvolvimento/citae.vc/protected/components/Controller.php:31
Stack trace:
#0 /Users/mdellagnese/Google Drive/Desenvolvimento/citae.vc/protected/components/Controller.php(12): Controller->_loadDefaultScripts()
#1 /Users/mdellagnese/Google Drive/Desenvolvimento/yii-framework/web/CController.php(780): Controller->beforeRender('index')
#2 /Users/mdellagnese/Google Drive/Desenvolvimento/citae.vc/protected/controllers/SiteController.php(32): CController->render('index')
#3 /Users/mdellagnese/Google Drive/Desenvolvimento/yii-framework/web/actions/CInlineAction.php(49): SiteController->actionIndex()
#4 /Users/mdellagnese/Google Drive/Desenvolvimento/yii-framework/web/CController.php(308): CInlineAction->runWithParams(Array)
#5 /Users/mdellagnese/Google Drive/Desenvolvimento/yii-framework/web/CController.php(286): CController->runAction(Object(CInlineAction))
#6 /Users/mdellagnese/Google Drive/Desenvolvimento/yii-framework/web/CController.php(265): CController->runActionWithFilters(Object(CInlineAction), Array)
#7 /Users/mdellagnese/Google Drive/Desenvolvimento/yii-framework/web/CWebApplication.php(282): CController->run('')
#8 /Users/mdellagnese/Google Drive/Desenvolvimento/yii-framework/web/CWebApplication.php(141): CWebApplication->runController('')
#9 /Users/mdellagnese/Google Drive/Desenvolvimento/yii-framework/base/CApplication.php(169): CWebApplication->processRequest()
#10 /Users/mdellagnese/Google Drive/Desenvolvimento/citae.vc/index.php(13): CApplication->run()
#11 {main}
REQUEST_URI=/citae.vc/
---
2013/05/12 22:43:28 [error] [exception.Exception] exception 'Exception' with message 'N‹o foi poss’vel carregar os assets: CAssetManager.basePath "/Users/mdellagnese/Google Drive/Desenvolvimento/citae.vc/assets" is invalid. Please make sure the directory exists and is writable by the Web server process.' in /Users/mdellagnese/Google Drive/Desenvolvimento/citae.vc/protected/components/Controller.php:31
Stack trace:
#0 /Users/mdellagnese/Google Drive/Desenvolvimento/citae.vc/protected/components/Controller.php(12): Controller->_loadDefaultScripts()
#1 /Users/mdellagnese/Google Drive/Desenvolvimento/yii-framework/web/CController.php(780): Controller->beforeRender('index')
#2 /Users/mdellagnese/Google Drive/Desenvolvimento/citae.vc/protected/controllers/SiteController.php(32): CController->render('index')
#3 /Users/mdellagnese/Google Drive/Desenvolvimento/yii-framework/web/actions/CInlineAction.php(49): SiteController->actionIndex()
#4 /Users/mdellagnese/Google Drive/Desenvolvimento/yii-framework/web/CController.php(308): CInlineAction->runWithParams(Array)
#5 /Users/mdellagnese/Google Drive/Desenvolvimento/yii-framework/web/CController.php(286): CController->runAction(Object(CInlineAction))
#6 /Users/mdellagnese/Google Drive/Desenvolvimento/yii-framework/web/CController.php(265): CController->runActionWithFilters(Object(CInlineAction), Array)
#7 /Users/mdellagnese/Google Drive/Desenvolvimento/yii-framework/web/CWebApplication.php(282): CController->run('')
#8 /Users/mdellagnese/Google Drive/Desenvolvimento/yii-framework/web/CWebApplication.php(141): CWebApplication->runController('')
#9 /Users/mdellagnese/Google Drive/Desenvolvimento/yii-framework/base/CApplication.php(169): CWebApplication->processRequest()
#10 /Users/mdellagnese/Google Drive/Desenvolvimento/citae.vc/index.php(13): CApplication->run()
#11 {main}
REQUEST_URI=/citae.vc/
---
2013/05/12 22:43:28 [error] [exception.Exception] exception 'Exception' with message 'N‹o foi poss’vel carregar os assets: CAssetManager.basePath "/Users/mdellagnese/Google Drive/Desenvolvimento/citae.vc/assets" is invalid. Please make sure the directory exists and is writable by the Web server process.' in /Users/mdellagnese/Google Drive/Desenvolvimento/citae.vc/protected/components/Controller.php:31
Stack trace:
#0 /Users/mdellagnese/Google Drive/Desenvolvimento/citae.vc/protected/components/Controller.php(12): Controller->_loadDefaultScripts()
#1 /Users/mdellagnese/Google Drive/Desenvolvimento/yii-framework/web/CController.php(780): Controller->beforeRender('index')
#2 /Users/mdellagnese/Google Drive/Desenvolvimento/citae.vc/protected/controllers/SiteController.php(32): CController->render('index')
#3 /Users/mdellagnese/Google Drive/Desenvolvimento/yii-framework/web/actions/CInlineAction.php(49): SiteController->actionIndex()
#4 /Users/mdellagnese/Google Drive/Desenvolvimento/yii-framework/web/CController.php(308): CInlineAction->runWithParams(Array)
#5 /Users/mdellagnese/Google Drive/Desenvolvimento/yii-framework/web/CController.php(286): CController->runAction(Object(CInlineAction))
#6 /Users/mdellagnese/Google Drive/Desenvolvimento/yii-framework/web/CController.php(265): CController->runActionWithFilters(Object(CInlineAction), Array)
#7 /Users/mdellagnese/Google Drive/Desenvolvimento/yii-framework/web/CWebApplication.php(282): CController->run('')
#8 /Users/mdellagnese/Google Drive/Desenvolvimento/yii-framework/web/CWebApplication.php(141): CWebApplication->runController('')
#9 /Users/mdellagnese/Google Drive/Desenvolvimento/yii-framework/base/CApplication.php(169): CWebApplication->processRequest()
#10 /Users/mdellagnese/Google Drive/Desenvolvimento/citae.vc/index.php(13): CApplication->run()
#11 {main}
REQUEST_URI=/citae.vc/
---
2013/05/12 22:43:28 [error] [exception.Exception] exception 'Exception' with message 'N‹o foi poss’vel carregar os assets: CAssetManager.basePath "/Users/mdellagnese/Google Drive/Desenvolvimento/citae.vc/assets" is invalid. Please make sure the directory exists and is writable by the Web server process.' in /Users/mdellagnese/Google Drive/Desenvolvimento/citae.vc/protected/components/Controller.php:31
Stack trace:
#0 /Users/mdellagnese/Google Drive/Desenvolvimento/citae.vc/protected/components/Controller.php(12): Controller->_loadDefaultScripts()
#1 /Users/mdellagnese/Google Drive/Desenvolvimento/yii-framework/web/CController.php(780): Controller->beforeRender('index')
#2 /Users/mdellagnese/Google Drive/Desenvolvimento/citae.vc/protected/controllers/SiteController.php(32): CController->render('index')
#3 /Users/mdellagnese/Google Drive/Desenvolvimento/yii-framework/web/actions/CInlineAction.php(49): SiteController->actionIndex()
#4 /Users/mdellagnese/Google Drive/Desenvolvimento/yii-framework/web/CController.php(308): CInlineAction->runWithParams(Array)
#5 /Users/mdellagnese/Google Drive/Desenvolvimento/yii-framework/web/CController.php(286): CController->runAction(Object(CInlineAction))
#6 /Users/mdellagnese/Google Drive/Desenvolvimento/yii-framework/web/CController.php(265): CController->runActionWithFilters(Object(CInlineAction), Array)
#7 /Users/mdellagnese/Google Drive/Desenvolvimento/yii-framework/web/CWebApplication.php(282): CController->run('')
#8 /Users/mdellagnese/Google Drive/Desenvolvimento/yii-framework/web/CWebApplication.php(141): CWebApplication->runController('')
#9 /Users/mdellagnese/Google Drive/Desenvolvimento/yii-framework/base/CApplication.php(169): CWebApplication->processRequest()
#10 /Users/mdellagnese/Google Drive/Desenvolvimento/citae.vc/index.php(13): CApplication->run()
#11 {main}
REQUEST_URI=/citae.vc/
---
2013/05/12 22:43:28 [error] [exception.Exception] exception 'Exception' with message 'N‹o foi poss’vel carregar os assets: CAssetManager.basePath "/Users/mdellagnese/Google Drive/Desenvolvimento/citae.vc/assets" is invalid. Please make sure the directory exists and is writable by the Web server process.' in /Users/mdellagnese/Google Drive/Desenvolvimento/citae.vc/protected/components/Controller.php:31
Stack trace:
#0 /Users/mdellagnese/Google Drive/Desenvolvimento/citae.vc/protected/components/Controller.php(12): Controller->_loadDefaultScripts()
#1 /Users/mdellagnese/Google Drive/Desenvolvimento/yii-framework/web/CController.php(780): Controller->beforeRender('index')
#2 /Users/mdellagnese/Google Drive/Desenvolvimento/citae.vc/protected/controllers/SiteController.php(32): CController->render('index')
#3 /Users/mdellagnese/Google Drive/Desenvolvimento/yii-framework/web/actions/CInlineAction.php(49): SiteController->actionIndex()
#4 /Users/mdellagnese/Google Drive/Desenvolvimento/yii-framework/web/CController.php(308): CInlineAction->runWithParams(Array)
#5 /Users/mdellagnese/Google Drive/Desenvolvimento/yii-framework/web/CController.php(286): CController->runAction(Object(CInlineAction))
#6 /Users/mdellagnese/Google Drive/Desenvolvimento/yii-framework/web/CController.php(265): CController->runActionWithFilters(Object(CInlineAction), Array)
#7 /Users/mdellagnese/Google Drive/Desenvolvimento/yii-framework/web/CWebApplication.php(282): CController->run('')
#8 /Users/mdellagnese/Google Drive/Desenvolvimento/yii-framework/web/CWebApplication.php(141): CWebApplication->runController('')
#9 /Users/mdellagnese/Google Drive/Desenvolvimento/yii-framework/base/CApplication.php(169): CWebApplication->processRequest()
#10 /Users/mdellagnese/Google Drive/Desenvolvimento/citae.vc/index.php(13): CApplication->run()
#11 {main}
REQUEST_URI=/citae.vc/
---
2013/05/12 22:44:15 [error] [exception.Exception] exception 'Exception' with message 'N‹o foi poss’vel carregar os assets: CAssetManager.basePath "/Users/mdellagnese/Google Drive/Desenvolvimento/citae.vc/assets" is invalid. Please make sure the directory exists and is writable by the Web server process.' in /Users/mdellagnese/Google Drive/Desenvolvimento/citae.vc/protected/components/Controller.php:31
Stack trace:
#0 /Users/mdellagnese/Google Drive/Desenvolvimento/citae.vc/protected/components/Controller.php(12): Controller->_loadDefaultScripts()
#1 /Users/mdellagnese/Google Drive/Desenvolvimento/yii-framework/web/CController.php(780): Controller->beforeRender('index')
#2 /Users/mdellagnese/Google Drive/Desenvolvimento/citae.vc/protected/controllers/SiteController.php(32): CController->render('index')
#3 /Users/mdellagnese/Google Drive/Desenvolvimento/yii-framework/web/actions/CInlineAction.php(49): SiteController->actionIndex()
#4 /Users/mdellagnese/Google Drive/Desenvolvimento/yii-framework/web/CController.php(308): CInlineAction->runWithParams(Array)
#5 /Users/mdellagnese/Google Drive/Desenvolvimento/yii-framework/web/CController.php(286): CController->runAction(Object(CInlineAction))
#6 /Users/mdellagnese/Google Drive/Desenvolvimento/yii-framework/web/CController.php(265): CController->runActionWithFilters(Object(CInlineAction), Array)
#7 /Users/mdellagnese/Google Drive/Desenvolvimento/yii-framework/web/CWebApplication.php(282): CController->run('')
#8 /Users/mdellagnese/Google Drive/Desenvolvimento/yii-framework/web/CWebApplication.php(141): CWebApplication->runController('')
#9 /Users/mdellagnese/Google Drive/Desenvolvimento/yii-framework/base/CApplication.php(169): CWebApplication->processRequest()
#10 /Users/mdellagnese/Google Drive/Desenvolvimento/citae.vc/index.php(13): CApplication->run()
#11 {main}
REQUEST_URI=/citae.vc/
---
2013/05/12 22:44:16 [error] [exception.Exception] exception 'Exception' with message 'N‹o foi poss’vel carregar os assets: CAssetManager.basePath "/Users/mdellagnese/Google Drive/Desenvolvimento/citae.vc/assets" is invalid. Please make sure the directory exists and is writable by the Web server process.' in /Users/mdellagnese/Google Drive/Desenvolvimento/citae.vc/protected/components/Controller.php:31
Stack trace:
#0 /Users/mdellagnese/Google Drive/Desenvolvimento/citae.vc/protected/components/Controller.php(12): Controller->_loadDefaultScripts()
#1 /Users/mdellagnese/Google Drive/Desenvolvimento/yii-framework/web/CController.php(780): Controller->beforeRender('index')
#2 /Users/mdellagnese/Google Drive/Desenvolvimento/citae.vc/protected/controllers/SiteController.php(32): CController->render('index')
#3 /Users/mdellagnese/Google Drive/Desenvolvimento/yii-framework/web/actions/CInlineAction.php(49): SiteController->actionIndex()
#4 /Users/mdellagnese/Google Drive/Desenvolvimento/yii-framework/web/CController.php(308): CInlineAction->runWithParams(Array)
#5 /Users/mdellagnese/Google Drive/Desenvolvimento/yii-framework/web/CController.php(286): CController->runAction(Object(CInlineAction))
#6 /Users/mdellagnese/Google Drive/Desenvolvimento/yii-framework/web/CController.php(265): CController->runActionWithFilters(Object(CInlineAction), Array)
#7 /Users/mdellagnese/Google Drive/Desenvolvimento/yii-framework/web/CWebApplication.php(282): CController->run('')
#8 /Users/mdellagnese/Google Drive/Desenvolvimento/yii-framework/web/CWebApplication.php(141): CWebApplication->runController('')
#9 /Users/mdellagnese/Google Drive/Desenvolvimento/yii-framework/base/CApplication.php(169): CWebApplication->processRequest()
#10 /Users/mdellagnese/Google Drive/Desenvolvimento/citae.vc/index.php(13): CApplication->run()
#11 {main}
REQUEST_URI=/citae.vc/
---
2013/05/12 22:44:16 [error] [exception.Exception] exception 'Exception' with message 'N‹o foi poss’vel carregar os assets: CAssetManager.basePath "/Users/mdellagnese/Google Drive/Desenvolvimento/citae.vc/assets" is invalid. Please make sure the directory exists and is writable by the Web server process.' in /Users/mdellagnese/Google Drive/Desenvolvimento/citae.vc/protected/components/Controller.php:31
Stack trace:
#0 /Users/mdellagnese/Google Drive/Desenvolvimento/citae.vc/protected/components/Controller.php(12): Controller->_loadDefaultScripts()
#1 /Users/mdellagnese/Google Drive/Desenvolvimento/yii-framework/web/CController.php(780): Controller->beforeRender('index')
#2 /Users/mdellagnese/Google Drive/Desenvolvimento/citae.vc/protected/controllers/SiteController.php(32): CController->render('index')
#3 /Users/mdellagnese/Google Drive/Desenvolvimento/yii-framework/web/actions/CInlineAction.php(49): SiteController->actionIndex()
#4 /Users/mdellagnese/Google Drive/Desenvolvimento/yii-framework/web/CController.php(308): CInlineAction->runWithParams(Array)
#5 /Users/mdellagnese/Google Drive/Desenvolvimento/yii-framework/web/CController.php(286): CController->runAction(Object(CInlineAction))
#6 /Users/mdellagnese/Google Drive/Desenvolvimento/yii-framework/web/CController.php(265): CController->runActionWithFilters(Object(CInlineAction), Array)
#7 /Users/mdellagnese/Google Drive/Desenvolvimento/yii-framework/web/CWebApplication.php(282): CController->run('')
#8 /Users/mdellagnese/Google Drive/Desenvolvimento/yii-framework/web/CWebApplication.php(141): CWebApplication->runController('')
#9 /Users/mdellagnese/Google Drive/Desenvolvimento/yii-framework/base/CApplication.php(169): CWebApplication->processRequest()
#10 /Users/mdellagnese/Google Drive/Desenvolvimento/citae.vc/index.php(13): CApplication->run()
#11 {main}
REQUEST_URI=/citae.vc/
---
2013/05/12 22:44:16 [error] [exception.Exception] exception 'Exception' with message 'N‹o foi poss’vel carregar os assets: CAssetManager.basePath "/Users/mdellagnese/Google Drive/Desenvolvimento/citae.vc/assets" is invalid. Please make sure the directory exists and is writable by the Web server process.' in /Users/mdellagnese/Google Drive/Desenvolvimento/citae.vc/protected/components/Controller.php:31
Stack trace:
#0 /Users/mdellagnese/Google Drive/Desenvolvimento/citae.vc/protected/components/Controller.php(12): Controller->_loadDefaultScripts()
#1 /Users/mdellagnese/Google Drive/Desenvolvimento/yii-framework/web/CController.php(780): Controller->beforeRender('index')
#2 /Users/mdellagnese/Google Drive/Desenvolvimento/citae.vc/protected/controllers/SiteController.php(32): CController->render('index')
#3 /Users/mdellagnese/Google Drive/Desenvolvimento/yii-framework/web/actions/CInlineAction.php(49): SiteController->actionIndex()
#4 /Users/mdellagnese/Google Drive/Desenvolvimento/yii-framework/web/CController.php(308): CInlineAction->runWithParams(Array)
#5 /Users/mdellagnese/Google Drive/Desenvolvimento/yii-framework/web/CController.php(286): CController->runAction(Object(CInlineAction))
#6 /Users/mdellagnese/Google Drive/Desenvolvimento/yii-framework/web/CController.php(265): CController->runActionWithFilters(Object(CInlineAction), Array)
#7 /Users/mdellagnese/Google Drive/Desenvolvimento/yii-framework/web/CWebApplication.php(282): CController->run('')
#8 /Users/mdellagnese/Google Drive/Desenvolvimento/yii-framework/web/CWebApplication.php(141): CWebApplication->runController('')
#9 /Users/mdellagnese/Google Drive/Desenvolvimento/yii-framework/base/CApplication.php(169): CWebApplication->processRequest()
#10 /Users/mdellagnese/Google Drive/Desenvolvimento/citae.vc/index.php(13): CApplication->run()
#11 {main}
REQUEST_URI=/citae.vc/
---
2013/05/12 22:44:43 [error] [exception.Exception] exception 'Exception' with message 'N‹o foi poss’vel carregar os assets: CAssetManager.basePath "/Users/mdellagnese/Google Drive/Desenvolvimento/citae.vc/assets" is invalid. Please make sure the directory exists and is writable by the Web server process.' in /Users/mdellagnese/Google Drive/Desenvolvimento/citae.vc/protected/components/Controller.php:31
Stack trace:
#0 /Users/mdellagnese/Google Drive/Desenvolvimento/citae.vc/protected/components/Controller.php(12): Controller->_loadDefaultScripts()
#1 /Users/mdellagnese/Google Drive/Desenvolvimento/yii-framework/web/CController.php(780): Controller->beforeRender('index')
#2 /Users/mdellagnese/Google Drive/Desenvolvimento/citae.vc/protected/controllers/SiteController.php(32): CController->render('index')
#3 /Users/mdellagnese/Google Drive/Desenvolvimento/yii-framework/web/actions/CInlineAction.php(49): SiteController->actionIndex()
#4 /Users/mdellagnese/Google Drive/Desenvolvimento/yii-framework/web/CController.php(308): CInlineAction->runWithParams(Array)
#5 /Users/mdellagnese/Google Drive/Desenvolvimento/yii-framework/web/CController.php(286): CController->runAction(Object(CInlineAction))
#6 /Users/mdellagnese/Google Drive/Desenvolvimento/yii-framework/web/CController.php(265): CController->runActionWithFilters(Object(CInlineAction), Array)
#7 /Users/mdellagnese/Google Drive/Desenvolvimento/yii-framework/web/CWebApplication.php(282): CController->run('')
#8 /Users/mdellagnese/Google Drive/Desenvolvimento/yii-framework/web/CWebApplication.php(141): CWebApplication->runController('')
#9 /Users/mdellagnese/Google Drive/Desenvolvimento/yii-framework/base/CApplication.php(169): CWebApplication->processRequest()
#10 /Users/mdellagnese/Google Drive/Desenvolvimento/citae.vc/index.php(13): CApplication->run()
#11 {main}
REQUEST_URI=/citae.vc/
---
